###############################################################
#  Generated by:      Cadence Innovus 17.12-s095_1
#  OS:                Linux x86_64(Host ID nc-asu6-l02.apporto.com)
#  Generated on:      Sat May  3 10:02:18 2025
#  Design:            GCN
#  Command:           summaryReport
###############################################################


==============================
General Design Information
==============================
Design Status: Routed  
Design Name: GCN  
# Instances: 26491  
# Hard Macros: 0  
# Std Cells: 26491  
    ------------------------------
    Standard Cells in Netlist
    ------------------------------
               Cell Type   Instance Count  Area (um^2)  
    A2O1A1Ixp33_ASAP7_75t_R               61          85.3805  
      AND2x2_ASAP7_75t_R                4           5.5987  
      AND3x1_ASAP7_75t_R               21          29.3933  
    AOI21xp5_ASAP7_75t_R              155         180.7920  
    AOI31xp33_ASAP7_75t_R               23          32.1926  
    ASYNC_DFFHx1_ASAP7_75t_R              979        5937.9091  
      BUFx10_ASAP7_75t_R                2           6.5318  
     BUFx12f_ASAP7_75t_R                4          16.7962  
     BUFx16f_ASAP7_75t_R                2          10.2643  
       BUFx2_ASAP7_75t_R               12          13.9968  
       BUFx3_ASAP7_75t_R                4           5.5987  
       BUFx4_ASAP7_75t_R                1           1.6330  
       BUFx5_ASAP7_75t_R                3           5.5987  
      BUFx6f_ASAP7_75t_R                1           2.3328  
    DFFLQNx1_ASAP7_75t_R               15          69.9840  
       DHLx1_ASAP7_75t_R               19          66.4848  
        FAx1_ASAP7_75t_R              883        2883.8074  
      FILLER_ASAP7_75t_R            10210        4763.5776  
    FILLERxp5_ASAP7_75t_R             4078         951.3158  
     HB1xp67_ASAP7_75t_R              540         503.8848  
     HB3xp67_ASAP7_75t_R               12          16.7962  
       ICGx1_ASAP7_75t_R               13          54.5875  
       ICGx2_ASAP7_75t_R               16          70.9171  
       ICGx3_ASAP7_75t_R                2           9.3312  
       INVx1_ASAP7_75t_R               43          30.0931  
       INVx2_ASAP7_75t_R                3           2.7994  
     INVxp33_ASAP7_75t_R             1105         773.3232  
     INVxp67_ASAP7_75t_R               18          12.5971  
     NAND2x1_ASAP7_75t_R                1           1.3997  
    NAND2xp33_ASAP7_75t_R             1746        1629.2275  
    NAND2xp5_ASAP7_75t_R               24          22.3949  
    NAND3xp33_ASAP7_75t_R              902        1052.0928  
      NOR2x1_ASAP7_75t_R                6           8.3981  
    NOR2xp33_ASAP7_75t_R             1488        1388.4826  
    NOR2xp67_ASAP7_75t_R                8          11.1974  
    NOR3xp33_ASAP7_75t_R              102         118.9728  
    O2A1O1Ixp33_ASAP7_75t_R               77         107.7754  
    O2A1O1Ixp5_ASAP7_75t_R               34          63.4522  
      OA21x2_ASAP7_75t_R              117         191.0563  
    OAI21xp33_ASAP7_75t_R              482         562.2048  
    OAI21xp5_ASAP7_75t_R                1           1.1664  
    OAI22xp33_ASAP7_75t_R              286         400.3085  
       OR2x2_ASAP7_75t_R               22          30.7930  
       OR3x1_ASAP7_75t_R                1           1.3997  
     TAPCELL_ASAP7_75t_R             2961        1381.4842  
     TIEHIx1_ASAP7_75t_R                1           0.6998  
     TIELOx1_ASAP7_75t_R                3           2.0995  
# Pads: 0  
# Net: 10782  
# Special Net: 2  
# IO Pins: 
    ------------------------------
    Issued IO Information
    ------------------------------
    # Unplaced IO Pin  0  
    # Floating IO  0  
    # IO Connected to Non-IO Inst  
        ------------------------------
        IO Connected to Non-IO Inst
        ------------------------------
                     IO Name      Non-IO Inst Name  
          max_addi_answer[0]                 U2043  
          max_addi_answer[1]                 U2042  
          max_addi_answer[2]                 U2035  
          max_addi_answer[3]                 U2034  
          max_addi_answer[4]                 U2036  
          max_addi_answer[5]                 U2049  
          max_addi_answer[6]                 U2046  
          max_addi_answer[7]                 U2045  
          max_addi_answer[8]                 U2041  
          max_addi_answer[9]                 U2038  
         max_addi_answer[10]                 U2037  
         max_addi_answer[11]                 U2051  
              coo_address[0]                 U2048  
              coo_address[1]                 U2047  
              coo_address[2]                 U2052  
                 enable_read                 U2053  
             read_address[0]                 U2040  
             read_address[1]                 U2044  
             read_address[2]                 U2039  
             read_address[3]  FE_OFC408_read_address_10  
             read_address[4]  FE_OFC408_read_address_10  
             read_address[5]  FE_OFC408_read_address_10  
             read_address[6]  FE_OFC408_read_address_10  
             read_address[7]  FE_OFC408_read_address_10  
             read_address[8]  FE_OFC408_read_address_10  
             read_address[9]                 U2050  
            read_address[10]  FE_OFC408_read_address_10  
            read_address[11]  FE_OFC408_read_address_10  
            read_address[12]  FE_OFC408_read_address_10  
                        done                 U2054  
                   coo_in[0]  FE_PHC515_coo_in_1__0  
                   coo_in[1]  FE_PHC537_coo_in_1__1  
                   coo_in[2]  FE_PHC522_coo_in_1__2  
                   coo_in[3]  FE_PHC592_coo_in_0__0  
                   coo_in[4]  FE_PHC594_coo_in_0__1  
                   coo_in[5]  FE_PHC609_coo_in_0__2  
                  data_in[0]  FE_PHC496_data_in_95__0  
                  data_in[1]  FE_PHC591_data_in_95__1  
                  data_in[2]  FE_PHC598_data_in_95__2  
                  data_in[3]  FE_PHC475_data_in_95__3  
                  data_in[4]  FE_PHC472_data_in_95__4  
                  data_in[5]  FE_PHC467_data_in_94__0  
                  data_in[6]  FE_PHC462_data_in_94__1  
                  data_in[7]  FE_PHC464_data_in_94__2  
                  data_in[8]  FE_PHC474_data_in_94__3  
                  data_in[9]  FE_PHC479_data_in_94__4  
                 data_in[10]                 U4909  
                 data_in[11]                 U4913  
                 data_in[12]                 U4917  
                 data_in[13]                 U4921  
                 data_in[14]                 U4925  
                 data_in[15]  FE_PHC484_data_in_92__0  
                 data_in[16]  FE_PHC485_data_in_92__1  
                 data_in[17]  FE_PHC488_data_in_92__2  
                 data_in[18]  FE_PHC494_data_in_92__3  
                 data_in[19]  FE_PHC486_data_in_92__4  
                 data_in[20]  FE_PHC581_data_in_91__0  
                 data_in[21]  FE_PHC510_data_in_91__1  
                 data_in[22]  FE_PHC590_data_in_91__2  
                 data_in[23]  FE_PHC497_data_in_91__3  
                 data_in[24]  FE_PHC511_data_in_91__4  
                 data_in[25]                 U4848  
                 data_in[26]                 U4852  
                 data_in[27]                 U4856  
                 data_in[28]                 U4860  
                 data_in[29]                 U4864  
                 data_in[30]  FE_PHC495_data_in_89__0  
                 data_in[31]  FE_PHC489_data_in_89__1  
                 data_in[32]  FE_PHC506_data_in_89__2  
                 data_in[33]  FE_PHC493_data_in_89__3  
                 data_in[34]  FE_PHC491_data_in_89__4  
                 data_in[35]  FE_PHC482_data_in_88__0  
                 data_in[36]  FE_PHC490_data_in_88__1  
                 data_in[37]  FE_PHC501_data_in_88__2  
                 data_in[38]  FE_PHC575_data_in_88__3  
                 data_in[39]  FE_PHC487_data_in_88__4  
                 data_in[40]  FE_PHC483_data_in_87__0  
                 data_in[41]  FE_PHC481_data_in_87__1  
                 data_in[42]  FE_PHC576_data_in_87__2  
                 data_in[43]  FE_PHC555_data_in_87__3  
                 data_in[44]  FE_PHC507_data_in_87__4  
                 data_in[45]  FE_PHC480_data_in_86__0  
                 data_in[46]  FE_PHC492_data_in_86__1  
                 data_in[47]  FE_PHC500_data_in_86__2  
                 data_in[48]  FE_PHC512_data_in_86__3  
                 data_in[49]  FE_PHC573_data_in_86__4  
                 data_in[50]  FE_PHC571_data_in_85__0  
                 data_in[51]  FE_PHC563_data_in_85__1  
                 data_in[52]  FE_PHC572_data_in_85__2  
                 data_in[53]                 U4758  
                 data_in[54]  FE_PHC605_data_in_85__4  
                 data_in[55]  FE_PHC582_data_in_84__0  
                 data_in[56]  FE_PHC558_data_in_84__1  
                 data_in[57]  FE_PHC595_data_in_84__2  
                 data_in[58]  FE_PHC559_data_in_84__3  
                 data_in[59]  FE_PHC505_data_in_84__4  
                 data_in[60]                 U4706  
                 data_in[61]  FE_PHC600_data_in_83__1  
                 data_in[62]                 U4714  
                 data_in[63]                 U4718  
                 data_in[64]                 U4722  
                 data_in[65]  FE_PHC597_data_in_82__0  
                 data_in[66]  FE_PHC586_data_in_82__1  
                 data_in[67]  FE_PHC611_data_in_82__2  
                 data_in[68]                 U4698  
                 data_in[69]                 U4702  
                 data_in[70]                 U4663  
                 data_in[71]                 U4667  
                 data_in[72]                 U4671  
                 data_in[73]                 U4675  
                 data_in[74]                 U4679  
                 data_in[75]  FE_PHC589_data_in_80__0  
                 data_in[76]                 U4645  
                 data_in[77]                 U4649  
                 data_in[78]                 U4654  
                 data_in[79]                 U4659  
                 data_in[80]                 U4621  
                 data_in[81]                 U4625  
                 data_in[82]                 U4629  
                 data_in[83]                 U4633  
                 data_in[84]                 U4637  
                 data_in[85]                 U4600  
                 data_in[86]                 U4604  
                 data_in[87]                 U4609  
                 data_in[88]                 U4613  
                 data_in[89]                 U4617  
                 data_in[90]                 U4579  
                 data_in[91]                 U4583  
                 data_in[92]                 U4588  
                 data_in[93]                 U4592  
                 data_in[94]                 U4596  
                 data_in[95]                 U4558  
                 data_in[96]                 U4563  
                 data_in[97]                 U4567  
                 data_in[98]                 U4571  
                 data_in[99]                 U4575  
                data_in[100]                 U4537  
                data_in[101]                 U4541  
                data_in[102]                 U4545  
                data_in[103]  FE_PHC618_data_in_75__3  
                data_in[104]                 U4553  
                data_in[105]                 U4516  
                data_in[106]  FE_PHC546_data_in_74__1  
                data_in[107]  FE_PHC540_data_in_74__2  
                data_in[108]  FE_PHC541_data_in_74__3  
                data_in[109]                 U4532  
                data_in[110]                 U4495  
                data_in[111]                 U4500  
                data_in[112]  FE_PHC619_data_in_73__2  
                data_in[113]  FE_PHC552_data_in_73__3  
                data_in[114]  FE_PHC601_data_in_73__4  
                data_in[115]  FE_PHC528_data_in_72__0  
                data_in[116]                 U4479  
                data_in[117]  FE_PHC514_data_in_72__2  
                data_in[118]  FE_PHC508_data_in_72__3  
                data_in[119]                 U4491  
                data_in[120]  FE_PHC525_data_in_71__0  
                data_in[121]                 U4459  
                data_in[122]  FE_PHC561_data_in_71__2  
                data_in[123]                 U4467  
                data_in[124]                 U4471  
                data_in[125]  FE_PHC513_data_in_70__0  
                data_in[126]                 U4438  
                data_in[127]  FE_PHC509_data_in_70__2  
                data_in[128]  FE_PHC502_data_in_70__3  
                data_in[129]  FE_PHC498_data_in_70__4  
                data_in[130]  FE_PHC499_data_in_69__0  
                data_in[131]  FE_PHC504_data_in_69__1  
                data_in[132]  FE_PHC503_data_in_69__2  
                data_in[133]                 U4424  
                data_in[134]                 U4428  
                data_in[135]                 U4391  
                data_in[136]  FE_PHC574_data_in_68__1  
                data_in[137]  FE_PHC593_data_in_68__2  
                data_in[138]  FE_PHC578_data_in_68__3  
                data_in[139]  FE_PHC587_data_in_68__4  
                data_in[140]  FE_PHC579_data_in_67__0  
                data_in[141]  FE_PHC580_data_in_67__1  
                data_in[142]  FE_PHC612_data_in_67__2  
                data_in[143]  FE_PHC608_data_in_67__3  
                data_in[144]  FE_PHC585_data_in_67__4  
                data_in[145]  FE_PHC583_data_in_66__0  
                data_in[146]                 U4352  
                data_in[147]  FE_PHC603_data_in_66__2  
                data_in[148]  FE_PHC599_data_in_66__3  
                data_in[149]  FE_PHC577_data_in_66__4  
                data_in[150]                 U4327  
                data_in[151]  FE_PHC604_data_in_65__1  
                data_in[152]  FE_PHC606_data_in_65__2  
                data_in[153]                 U4339  
                data_in[154]                 U4343  
                data_in[155]  FE_PHC596_data_in_64__0  
                data_in[156]                 U4306  
                data_in[157]                 U4313  
                data_in[158]                 U4318  
                data_in[159]                 U4322  
                data_in[160]                 U4948  
                data_in[161]                 U4952  
                data_in[162]                 U4956  
                data_in[163]                 U4960  
                data_in[164]                 U4964  
                data_in[165]                 U4928  
                data_in[166]                 U4932  
                data_in[167]                 U4936  
                data_in[168]                 U4940  
                data_in[169]                 U4944  
                data_in[170]                 U4908  
                data_in[171]                 U4912  
                data_in[172]                 U4916  
                data_in[173]                 U4920  
                data_in[174]                 U4924  
                data_in[175]                 U4887  
                data_in[176]                 U4891  
                data_in[177]                 U4895  
                data_in[178]                 U4900  
                data_in[179]                 U4904  
                data_in[180]                 U4867  
                data_in[181]                 U4871  
                data_in[182]                 U4875  
                data_in[183]                 U4879  
                data_in[184]                 U4883  
                data_in[185]                 U4847  
                data_in[186]                 U4851  
                data_in[187]                 U4855  
                data_in[188]                 U4859  
                data_in[189]                 U4863  
                data_in[190]                 U4826  
                data_in[191]                 U4830  
                data_in[192]                 U4834  
                data_in[193]                 U4838  
                data_in[194]                 U4842  
                data_in[195]                 U4806  
                data_in[196]                 U4810  
                data_in[197]                 U4814  
                data_in[198]                 U4818  
                data_in[199]                 U4822  
                data_in[200]                 U4786  
                data_in[201]                 U4790  
                data_in[202]                 U4794  
                data_in[203]                 U4798  
                data_in[204]                 U4802  
                data_in[205]                 U4765  
                data_in[206]                 U4769  
                data_in[207]                 U4773  
                data_in[208]                 U4777  
                data_in[209]                 U4782  
                data_in[210]                 U4745  
                data_in[211]                 U4749  
                data_in[212]                 U4753  
                data_in[213]                 U4757  
                data_in[214]                 U4761  
                data_in[215]                 U4725  
                data_in[216]                 U4729  
                data_in[217]                 U4733  
                data_in[218]                 U4737  
                data_in[219]                 U4741  
                data_in[220]                 U4705  
                data_in[221]                 U4709  
                data_in[222]                 U4713  
                data_in[223]                 U4717  
                data_in[224]                 U4721  
                data_in[225]                 U4683  
                data_in[226]                 U4687  
                data_in[227]                 U4692  
                data_in[228]                 U4697  
                data_in[229]                 U4701  
                data_in[230]                 U4662  
                data_in[231]                 U4666  
                data_in[232]                 U4670  
                data_in[233]                 U4674  
                data_in[234]                 U4678  
                data_in[235]                 U4640  
                data_in[236]                 U4644  
                data_in[237]                 U4648  
                data_in[238]                 U4653  
                data_in[239]                 U4658  
                data_in[240]                 U4620  
                data_in[241]                 U4624  
                data_in[242]                 U4628  
                data_in[243]                 U4632  
                data_in[244]                 U4636  
                data_in[245]                 U4599  
                data_in[246]                 U4603  
                data_in[247]                 U4608  
                data_in[248]                 U4612  
                data_in[249]                 U4616  
                data_in[250]                 U4578  
                data_in[251]                 U4582  
                data_in[252]                 U4587  
                data_in[253]                 U4591  
                data_in[254]                 U4595  
                data_in[255]                 U4557  
                data_in[256]                 U4562  
                data_in[257]                 U4566  
                data_in[258]                 U4570  
                data_in[259]                 U4574  
                data_in[260]                 U4536  
                data_in[261]                 U4540  
                data_in[262]                 U4544  
                data_in[263]                 U4548  
                data_in[264]                 U4552  
                data_in[265]                 U4515  
                data_in[266]                 U4519  
                data_in[267]                 U4523  
                data_in[268]                 U4527  
                data_in[269]                 U4531  
                data_in[270]                 U4494  
                data_in[271]                 U4499  
                data_in[272]                 U4503  
                data_in[273]                 U4507  
                data_in[274]                 U4511  
                data_in[275]                 U4474  
                data_in[276]                 U4478  
                data_in[277]                 U4482  
                data_in[278]                 U4486  
                data_in[279]                 U4490  
                data_in[280]                 U4453  
                data_in[281]                 U4457  
                data_in[282]                 U4462  
                data_in[283]                 U4466  
                data_in[284]                 U4470  
                data_in[285]                 U4431  
                data_in[286]                 U4436  
                data_in[287]                 U4441  
                data_in[288]                 U4445  
                data_in[289]                 U4449  
                data_in[290]                 U4411  
                data_in[291]                 U4415  
                data_in[292]                 U4419  
                data_in[293]                 U4423  
                data_in[294]                 U4427  
                data_in[295]                 U4390  
                data_in[296]                 U4394  
                data_in[297]                 U4398  
                data_in[298]                 U4402  
                data_in[299]                 U4407  
                data_in[300]                 U4368  
                data_in[301]                 U4373  
                data_in[302]                 U4378  
                data_in[303]                 U4382  
                data_in[304]                 U4386  
                data_in[305]                 U4347  
                data_in[306]                 U4351  
                data_in[307]                 U4356  
                data_in[308]                 U4360  
                data_in[309]                 U4364  
                data_in[310]                 U4325  
                data_in[311]                 U4330  
                data_in[312]                 U4334  
                data_in[313]                 U4338  
                data_in[314]                 U4342  
                data_in[315]                 U4299  
                data_in[316]                 U4305  
                data_in[317]                 U4311  
                data_in[318]                 U4316  
                data_in[319]                 U4321  
                data_in[320]                 U4950  
                data_in[321]                 U4954  
                data_in[322]                 U4958  
                data_in[323]                 U4962  
                data_in[324]                 U4966  
                data_in[325]                 U4930  
                data_in[326]                 U4934  
                data_in[327]                 U4938  
                data_in[328]                 U4942  
                data_in[329]                 U4946  
                data_in[330]                 U4910  
                data_in[331]                 U4914  
                data_in[332]                 U4918  
                data_in[333]                 U4922  
                data_in[334]                 U4926  
                data_in[335]                 U4889  
                data_in[336]                 U4893  
                data_in[337]                 U4898  
                data_in[338]                 U4902  
                data_in[339]                 U4906  
                data_in[340]                 U4869  
                data_in[341]                 U4873  
                data_in[342]                 U4877  
                data_in[343]                 U4881  
                data_in[344]                 U4885  
                data_in[345]                 U4849  
                data_in[346]                 U4853  
                data_in[347]                 U4857  
                data_in[348]                 U4861  
                data_in[349]                 U4865  
                data_in[350]                 U4828  
                data_in[351]                 U4832  
                data_in[352]                 U4836  
                data_in[353]                 U4840  
                data_in[354]                 U4845  
                data_in[355]                 U4808  
                data_in[356]                 U4812  
                data_in[357]                 U4816  
                data_in[358]                 U4820  
                data_in[359]                 U4824  
                data_in[360]                 U4788  
                data_in[361]                 U4792  
                data_in[362]                 U4796  
                data_in[363]                 U4800  
                data_in[364]                 U4804  
                data_in[365]                 U4767  
                data_in[366]                 U4771  
                data_in[367]                 U4775  
                data_in[368]                 U4780  
                data_in[369]                 U4784  
                data_in[370]                 U4747  
                data_in[371]                 U4751  
                data_in[372]                 U4755  
                data_in[373]                 U4759  
                data_in[374]                 U4763  
                data_in[375]                 U4727  
                data_in[376]                 U4731  
                data_in[377]                 U4735  
                data_in[378]                 U4739  
                data_in[379]                 U4743  
                data_in[380]                 U4707  
                data_in[381]                 U4711  
                data_in[382]                 U4715  
                data_in[383]                 U4719  
                data_in[384]                 U4723  
                data_in[385]                 U4685  
                data_in[386]                 U4690  
                data_in[387]                 U4695  
                data_in[388]                 U4699  
                data_in[389]                 U4703  
                data_in[390]                 U4664  
                data_in[391]                 U4668  
                data_in[392]                 U4672  
                data_in[393]                 U4676  
                data_in[394]                 U4681  
                data_in[395]                 U4642  
                data_in[396]                 U4646  
                data_in[397]                 U4651  
                data_in[398]                 U4655  
                data_in[399]                 U4660  
                data_in[400]  FE_PHC548_data_in_15__0  
                data_in[401]  FE_PHC588_data_in_15__1  
                data_in[402]                 U4630  
                data_in[403]                 U4634  
                data_in[404]  FE_PHC565_data_in_15__4  
                data_in[405]  FE_PHC543_data_in_14__0  
                data_in[406]                 U4605  
                data_in[407]  FE_PHC554_data_in_14__2  
                data_in[408]  FE_PHC532_data_in_14__3  
                data_in[409]                 U4618  
                data_in[410]  FE_PHC620_data_in_13__0  
                data_in[411]                 U4585  
                data_in[412]                 U4589  
                data_in[413]                 U4593  
                data_in[414]                 U4597  
                data_in[415]                 U4560  
                data_in[416]  FE_PHC562_data_in_12__1  
                data_in[417]                 U4568  
                data_in[418]                 U4572  
                data_in[419]                 U4576  
                data_in[420]                 U4538  
                data_in[421]                 U4542  
                data_in[422]                 U4546  
                data_in[423]                 U4550  
                data_in[424]                 U4554  
                data_in[425]                 U4517  
                data_in[426]                 U4521  
                data_in[427]                 U4525  
                data_in[428]                 U4529  
                data_in[429]                 U4534  
                data_in[430]                 U4497  
                data_in[431]                 U4501  
                data_in[432]                 U4505  
                data_in[433]                 U4509  
                data_in[434]                 U4513  
                data_in[435]                 U4476  
                data_in[436]                 U4480  
                data_in[437]                 U4484  
                data_in[438]                 U4488  
                data_in[439]                 U4492  
                data_in[440]                 U4455  
                data_in[441]                 U4460  
                data_in[442]                 U4464  
                data_in[443]                 U4468  
                data_in[444]                 U4472  
                data_in[445]  FE_PHC523_data_in_6__0  
                data_in[446]                 U4439  
                data_in[447]  FE_PHC610_data_in_6__2  
                data_in[448]  FE_PHC544_data_in_6__3  
                data_in[449]  FE_PHC560_data_in_6__4  
                data_in[450]  FE_PHC547_data_in_5__0  
                data_in[451]  FE_PHC569_data_in_5__1  
                data_in[452]  FE_PHC567_data_in_5__2  
                data_in[453]                 U4425  
                data_in[454]                 U4429  
                data_in[455]                 U4392  
                data_in[456]                 U4396  
                data_in[457]                 U4400  
                data_in[458]                 U4404  
                data_in[459]                 U4409  
                data_in[460]                 U4371  
                data_in[461]                 U4376  
                data_in[462]                 U4380  
                data_in[463]                 U4384  
                data_in[464]                 U4388  
                data_in[465]                 U4349  
                data_in[466]                 U4353  
                data_in[467]                 U4358  
                data_in[468]                 U4362  
                data_in[469]                 U4366  
                data_in[470]                 U4328  
                data_in[471]                 U4332  
                data_in[472]                 U4336  
                data_in[473]                 U4340  
                data_in[474]                 U4345  
                data_in[475]                 U4303  
                data_in[476]                 U4309  
                data_in[477]                 U4314  
                data_in[478]                 U4319  
                data_in[479]                 U4323  
                       start       FE_PHC441_start  
                       reset        FE_OFC21_reset  
                         clk  CTS_ccl_a_BUF_clk_G0_L1_2  519  519  
# Pins: 
    ------------------------------
    Correctness of Pin Connectivity for All Instances
    ------------------------------
    # Floating Terms  0  
    # Output Term Marked Tie Hi/Lo  0  
    # Output Term Shorted to PG Net  0  32466  
# PG Pins: 
    ------------------------------
    Correctness of PG Pin Connectivity for All Instances
    ------------------------------
    # Instances that No Net Defined for Any PG Pin  0  
    # Floating PG Terms  0  
    # PG Pins Connect to Non-PG Net  0  
    # Power Pins Connect Ground Net  0  
    # Ground Pins Connect Power Net  0  52982  
Average Pins Per Net(Signal): 3.011  

==============================
General Library Information
==============================
# Routing Layers: 10  
# Masterslice Layers: 4  
# Pin Layers: 
    General Caution:
        1) Library have M1, M2, M3, M4, M5, M6 and M7 pins, you should setPreRouteAsObs {1 2 3}                                 to ensure these pins are accessible after placement

    ------------------------------
    Pin Layers
    ------------------------------
    M7  
    M6  
    M5  
    M4  
    M3  
    M2  
    M1  7  
# Layers: 
    ------------------------------
    Layer Pad Information
    ------------------------------
    Type  Routing  
    Wire Pitch X  0.320 um  
    Wire Pitch Y  0.320 um  
    Offset X  0.160 um  
    Offset Y  0.160 um  
    Wire Width  0.160 um  
    Spacing  8.000 um  
    ------------------------------
    Layer Pad InformationLayer V9 Information
    ------------------------------
    Type  Cut  
    Wire Width  0.160 um  
    Vias  
        ------------------------------
        Via list in layer V9
        ------------------------------
                  Vias in V9  Default  
                     VIA9Pad      Yes  For complete list click here  
    Multiple Orientation Vias  CAUTION: There is only one default via in this layer  
    ------------------------------
    Layer Pad InformationLayer V9 InformationLayer M9 Information
    ------------------------------
    Type  Routing  
    Wire Pitch X  0.320 um  
    Wire Pitch Y  0.320 um  
    Offset X  0.160 um  
    Offset Y  0.160 um  
    Wire Width  0.160 um  
    Spacing  0.160 um  
    ------------------------------
    Layer Pad InformationLayer V9 InformationLayer M9 InformationLayer V8 Information
    ------------------------------
    Type  Cut  
    Wire Width  0.160 um  
    Vias  
        ------------------------------
        Via list in layer V8
        ------------------------------
                  Vias in V8  Default  
                       VIA89      Yes  For complete list click here  
    Multiple Orientation Vias  CAUTION: There is only one default via in this layer  
    ------------------------------
    Layer Pad InformationLayer V9 InformationLayer M9 InformationLayer V8 InformationLayer M8 Information
    ------------------------------
    Type  Routing  
    Wire Pitch X  0.320 um  
    Wire Pitch Y  0.320 um  
    Offset X  0.160 um  
    Offset Y  0.160 um  
    Wire Width  0.160 um  
    Spacing  0.160 um  
    ------------------------------
    Layer Pad InformationLayer V9 InformationLayer M9 InformationLayer V8 InformationLayer M8 InformationLayer V7 Information
    ------------------------------
    Type  Cut  
    Wire Width  0.128 um  
    Vias  
        ------------------------------
        Via list in layer V7
        ------------------------------
                  Vias in V7  Default  
                       VIA78      Yes  For complete list click here  
    Multiple Orientation Vias  CAUTION: There is only one default via in this layer  
    ------------------------------
    Layer Pad InformationLayer V9 InformationLayer M9 InformationLayer V8 InformationLayer M8 InformationLayer V7 InformationLayer M7 Information
    ------------------------------
    Type  Routing  
    Wire Pitch X  0.256 um  
    Wire Pitch Y  0.256 um  
    Offset X  0.128 um  
    Offset Y  0.128 um  
    Wire Width  0.128 um  
    Spacing  0.096 um  
    ------------------------------
    Layer Pad InformationLayer V9 InformationLayer M9 InformationLayer V8 InformationLayer M8 InformationLayer V7 InformationLayer M7 InformationLayer V6 Information
    ------------------------------
    Type  Cut  
    Vias  
        ------------------------------
        Via list in layer V6
        ------------------------------
                  Vias in V6  Default  
                       VIA67      Yes  For complete list click here  
    Multiple Orientation Vias  CAUTION: There is only one default via in this layer  
    ------------------------------
    Layer Pad InformationLayer V9 InformationLayer M9 InformationLayer V8 InformationLayer M8 InformationLayer V7 InformationLayer M7 InformationLayer V6 InformationLayer M6 Information
    ------------------------------
    Type  Routing  
    Wire Pitch X  0.256 um  
    Wire Pitch Y  0.256 um  
    Offset X  0.128 um  
    Offset Y  0.128 um  
    Wire Width  0.128 um  
    Spacing  0.096 um  
    ------------------------------
    Layer Pad InformationLayer V9 InformationLayer M9 InformationLayer V8 InformationLayer M8 InformationLayer V7 InformationLayer M7 InformationLayer V6 InformationLayer M6 InformationLayer V5 Information
    ------------------------------
    Type  Cut  
    Vias  
        ------------------------------
        Via list in layer V5
        ------------------------------
                  Vias in V5  Default  
                       VIA56      Yes  For complete list click here  
    Multiple Orientation Vias  CAUTION: There is only one default via in this layer  
    ------------------------------
    Layer Pad InformationLayer V9 InformationLayer M9 InformationLayer V8 InformationLayer M8 InformationLayer V7 InformationLayer M7 InformationLayer V6 InformationLayer M6 InformationLayer V5 InformationLayer M5 Information
    ------------------------------
    Type  Routing  
    Wire Pitch X  0.192 um  
    Wire Pitch Y  0.192 um  
    Wire Width  0.096 um  
    Spacing  0.096 um  
    ------------------------------
    Layer Pad InformationLayer V9 InformationLayer M9 InformationLayer V8 InformationLayer M8 InformationLayer V7 InformationLayer M7 InformationLayer V6 InformationLayer M6 InformationLayer V5 InformationLayer M5 InformationLayer V4 Information
    ------------------------------
    Type  Cut  
    Vias  
        ------------------------------
        Via list in layer V4
        ------------------------------
                  Vias in V4  Default  
                       VIA45      Yes  For complete list click here  
    Multiple Orientation Vias  CAUTION: There is only one default via in this layer  
    ------------------------------
    Layer Pad InformationLayer V9 InformationLayer M9 InformationLayer V8 InformationLayer M8 InformationLayer V7 InformationLayer M7 InformationLayer V6 InformationLayer M6 InformationLayer V5 InformationLayer M5 InformationLayer V4 InformationLayer M4 Information
    ------------------------------
    Type  Routing  
    Wire Pitch X  0.192 um  
    Wire Pitch Y  0.192 um  
    Offset X  0.012 um  
    Offset Y  0.012 um  
    Wire Width  0.096 um  
    Spacing  0.096 um  
    ------------------------------
    Layer Pad InformationLayer V9 InformationLayer M9 InformationLayer V8 InformationLayer M8 InformationLayer V7 InformationLayer M7 InformationLayer V6 InformationLayer M6 InformationLayer V5 InformationLayer M5 InformationLayer V4 InformationLayer M4 InformationLayer V3 Information
    ------------------------------
    Type  Cut  
    Vias  
        ------------------------------
        Via list in layer V3
        ------------------------------
                  Vias in V3  Default  
                       VIA34      Yes  For complete list click here  
    Multiple Orientation Vias  CAUTION: There is only one default via in this layer  
    ------------------------------
    Layer Pad InformationLayer V9 InformationLayer M9 InformationLayer V8 InformationLayer M8 InformationLayer V7 InformationLayer M7 InformationLayer V6 InformationLayer M6 InformationLayer V5 InformationLayer M5 InformationLayer V4 InformationLayer M4 InformationLayer V3 InformationLayer M3 Information
    ------------------------------
    Type  Routing  
    Wire Pitch X  0.144 um  
    Wire Pitch Y  0.144 um  
    Wire Width  0.072 um  
    Spacing  0.072 um  
    ------------------------------
    Layer Pad InformationLayer V9 InformationLayer M9 InformationLayer V8 InformationLayer M8 InformationLayer V7 InformationLayer M7 InformationLayer V6 InformationLayer M6 InformationLayer V5 InformationLayer M5 InformationLayer V4 InformationLayer M4 InformationLayer V3 InformationLayer M3 InformationLayer V2 Information
    ------------------------------
    Type  Cut  
    Wire Width  0.072 um  
    Vias  
        ------------------------------
        Via list in layer V2
        ------------------------------
                  Vias in V2  Default  
                       VIA23      Yes  For complete list click here  
    Multiple Orientation Vias  CAUTION: There is only one default via in this layer  
    ------------------------------
    Layer Pad InformationLayer V9 InformationLayer M9 InformationLayer V8 InformationLayer M8 InformationLayer V7 InformationLayer M7 InformationLayer V6 InformationLayer M6 InformationLayer V5 InformationLayer M5 InformationLayer V4 InformationLayer M4 InformationLayer V3 InformationLayer M3 InformationLayer V2 InformationLayer M2 Information
    ------------------------------
    Type  Routing  
    Wire Pitch X  0.144 um  
    Wire Pitch Y  0.144 um  
    Wire Width  0.072 um  
    Spacing  0.072 um  
    ------------------------------
    Layer Pad InformationLayer V9 InformationLayer M9 InformationLayer V8 InformationLayer M8 InformationLayer V7 InformationLayer M7 InformationLayer V6 InformationLayer M6 InformationLayer V5 InformationLayer M5 InformationLayer V4 InformationLayer M4 InformationLayer V3 InformationLayer M3 InformationLayer V2 InformationLayer M2 InformationLayer V1 Information
    ------------------------------
    Type  Cut  
    Wire Width  0.072 um  
    Vias  
        ------------------------------
        Via list in layer V1
        ------------------------------
                  Vias in V1  Default  
                       VIA12      Yes  For complete list click here  
    Multiple Orientation Vias  CAUTION: There is only one default via in this layer  
    ------------------------------
    Layer Pad InformationLayer V9 InformationLayer M9 InformationLayer V8 InformationLayer M8 InformationLayer V7 InformationLayer M7 InformationLayer V6 InformationLayer M6 InformationLayer V5 InformationLayer M5 InformationLayer V4 InformationLayer M4 InformationLayer V3 InformationLayer M3 InformationLayer V2 InformationLayer M2 InformationLayer V1 InformationLayer M1 Information
    ------------------------------
    Type  Routing  
    Wire Pitch X  0.144 um  
    Wire Pitch Y  0.144 um  
    Wire Width  0.072 um  
    Spacing  0.072 um  
    ------------------------------
    Layer Pad InformationLayer V9 InformationLayer M9 InformationLayer V8 InformationLayer M8 InformationLayer V7 InformationLayer M7 InformationLayer V6 InformationLayer M6 InformationLayer V5 InformationLayer M5 InformationLayer V4 InformationLayer M4 InformationLayer V3 InformationLayer M3 InformationLayer V2 InformationLayer M2 InformationLayer V1 InformationLayer M1 InformationLayer V0 Information
    ------------------------------
    Type  Cut  
    Wire Width  0.072 um  
    Vias  
        ------------------------------
        Via list in layer V0
        ------------------------------  
    ------------------------------
    Layer Pad InformationLayer V9 InformationLayer M9 InformationLayer V8 InformationLayer M8 InformationLayer V7 InformationLayer M7 InformationLayer V6 InformationLayer M6 InformationLayer V5 InformationLayer M5 InformationLayer V4 InformationLayer M4 InformationLayer V3 InformationLayer M3 InformationLayer V2 InformationLayer M2 InformationLayer V1 InformationLayer M1 InformationLayer V0 InformationLayer Active Information
    ------------------------------
    Type  Masterslice  
    ------------------------------
    Layer Pad InformationLayer V9 InformationLayer M9 InformationLayer V8 InformationLayer M8 InformationLayer V7 InformationLayer M7 InformationLayer V6 InformationLayer M6 InformationLayer V5 InformationLayer M5 InformationLayer V4 InformationLayer M4 InformationLayer V3 InformationLayer M3 InformationLayer V2 InformationLayer M2 InformationLayer V1 InformationLayer M1 InformationLayer V0 InformationLayer Active InformationLayer Gate Information
    ------------------------------
    Type  Masterslice  
    ------------------------------
    Layer Pad InformationLayer V9 InformationLayer M9 InformationLayer V8 InformationLayer M8 InformationLayer V7 InformationLayer M7 InformationLayer V6 InformationLayer M6 InformationLayer V5 InformationLayer M5 InformationLayer V4 InformationLayer M4 InformationLayer V3 InformationLayer M3 InformationLayer V2 InformationLayer M2 InformationLayer V1 InformationLayer M1 InformationLayer V0 InformationLayer Active InformationLayer Gate InformationLayer OVERLAP Information
    ------------------------------
    Type  Overlap  25  
# Pins without Physical Port: 
    ------------------------------
    Pins without physical port
    ------------------------------
               Cell Name      List of Pin Name  
     BUFx16f_ASAP7_75t_R                     A  1  
# Pins in Library without Timing Lib: 
    ------------------------------
    Pins in Library without timing lib
    ------------------------------
               Cell Name      List of Pin Name  
       ICGx4_ASAP7_75t_R                   CLK  
       ICGx4_ASAP7_75t_R                   ENA  
       ICGx4_ASAP7_75t_R                  GCLK  
       ICGx4_ASAP7_75t_R                    SE  
       ICGx5_ASAP7_75t_R                   CLK  
       ICGx5_ASAP7_75t_R                   ENA  
       ICGx5_ASAP7_75t_R                  GCLK  
       ICGx5_ASAP7_75t_R                    SE  8  
# Pins Missing Direction: 0  
Antenna Summary Report: 
    General Caution:
        1) All Antenna Constructs are absent for the layer section of LEF.
        2) All Antenna Constructs are absent for the macro section of LEF.For more information click here  
# Cells Missing LEF Info: 0  
# Cells with Dimension Errors: 0  

==============================
Netlist Information
==============================
# HFO (>200) Nets: 0  
# No-driven Nets: 166  
    General Caution:
        1) TODO
    No-driven Nets  
    SYNOPSYS_UNCONNECTED__0  
    weight_col_out[3]  
    weight_col_out[4]  
    weight_col_out[5]  
    weight_col_out[6]  
    weight_col_out[7]  
    weight_col_out[11]  
    weight_col_out[12]  
    weight_col_out[13]  
    weight_col_out[14]  
    weight_col_out[15]  
    weight_col_out[16]  
    weight_col_out[17]  
    weight_col_out[18]  
    weight_col_out[19]  
    weight_col_out[21]  
    weight_col_out[22]  
    weight_col_out[23]  
    weight_col_out[24]  
    weight_col_out[25]  
    weight_col_out[26]  
    weight_col_out[27]  
    weight_col_out[28]  
    weight_col_out[29]  
    weight_col_out[30]  
    weight_col_out[31]  
    weight_col_out[32]  
    weight_col_out[33]  
    weight_col_out[34]  
    weight_col_out[35]  
    weight_col_out[36]  
    weight_col_out[37]  
    weight_col_out[38]  
    weight_col_out[39]  
    weight_col_out[40]  
    weight_col_out[41]  
    weight_col_out[42]  
    weight_col_out[43]  
    weight_col_out[44]  
    weight_col_out[45]  
    weight_col_out[46]  
    weight_col_out[47]  
    weight_col_out[48]  
    weight_col_out[49]  
    weight_col_out[50]  
    weight_col_out[51]  
    weight_col_out[52]  
    weight_col_out[53]  
    weight_col_out[55]  
    weight_col_out[56]  
    weight_col_out[57]  
    weight_col_out[58]  
    weight_col_out[59]  
    weight_col_out[60]  
    weight_col_out[61]  
    weight_col_out[62]  
    weight_col_out[63]  
    weight_col_out[64]  
    weight_col_out[65]  
    weight_col_out[66]  
    weight_col_out[67]  
    weight_col_out[68]  
    weight_col_out[69]  
    weight_col_out[70]  
    weight_col_out[71]  
    weight_col_out[72]  
    weight_col_out[73]  
    weight_col_out[74]  
    weight_col_out[75]  
    weight_col_out[76]  
    weight_col_out[77]  
    weight_col_out[78]  
    weight_col_out[79]  
    weight_col_out[80]  
    weight_col_out[81]  
    weight_col_out[82]  
    weight_col_out[83]  
    weight_col_out[84]  
    weight_col_out[85]  
    weight_col_out[86]  
    weight_col_out[87]  
    weight_col_out[88]  
    weight_col_out[89]  
    weight_col_out[90]  
    weight_col_out[91]  
    weight_col_out[92]  
    weight_col_out[93]  
    weight_col_out[94]  
    weight_col_out[95]  
    weight_col_out[96]  
    weight_col_out[97]  
    weight_col_out[98]  
    weight_col_out[99]  
    weight_col_out[100]  
    weight_col_out[101]  
    weight_col_out[102]  
    weight_col_out[103]  
    weight_col_out[104]  
    weight_col_out[105]  
    weight_col_out[106]  
    weight_col_out[107]  
    weight_col_out[108]  
    weight_col_out[109]  
    weight_col_out[110]  
    weight_col_out[111]  
    weight_col_out[112]  
    weight_col_out[113]  
    weight_col_out[114]  
    weight_col_out[115]  
    weight_col_out[116]  
    weight_col_out[117]  
    weight_col_out[118]  
    weight_col_out[119]  
    weight_col_out[120]  
    weight_col_out[121]  
    weight_col_out[122]  
    weight_col_out[123]  
    weight_col_out[124]  
    weight_col_out[125]  
    weight_col_out[126]  
    weight_col_out[127]  
    weight_col_out[128]  
    weight_col_out[129]  
    weight_col_out[130]  
    weight_col_out[131]  
    weight_col_out[132]  
    weight_col_out[133]  
    weight_col_out[134]  
    weight_col_out[135]  
    weight_col_out[136]  
    weight_col_out[137]  
    weight_col_out[138]  
    weight_col_out[139]  
    weight_col_out[140]  
    weight_col_out[141]  
    weight_col_out[142]  
    weight_col_out[144]  
    weight_col_out[145]  
    weight_col_out[146]  
    weight_col_out[147]  
    weight_col_out[148]  
    weight_col_out[149]  
    weight_col_out[150]  
    weight_col_out[151]  
    weight_col_out[152]  
    weight_col_out[153]  
    weight_col_out[154]  
    weight_col_out[155]  
    weight_col_out[158]  
    weight_col_out[159]  
    coo_in_q[3]  
    read_address_d[3]  
    read_address_d[4]  
    read_address_d[5]  
    read_address_d[6]  
    read_address_d[7]  
    read_address_d[8]  
    read_address_3_  
    read_address[3]  
    read_address[4]  
    read_address[5]  
    read_address[6]  
    read_address[7]  
    read_address[8]  
    read_address[11]  
    read_address[12]  
# Multi-driven Nets: 0  
# Assign Statements: 0  
Is Design Uniquified: YES  
# Pins in Netlist without timing lib: 0  

==============================

==============================
: Internal  External  
No of Nets:      10614           0  
No of Connections:      22371           0  
Total Net Length (X): 7.5145e+04  0.0000e+00  
Total Net Length (Y): 8.3576e+04  0.0000e+00  
Total Net Length: 1.5872e+05  0.0000e+00  

==============================
Timing Information
==============================
# Clocks in design: 
    ------------------------------
    Clocks in Design
    ------------------------------
    @  
    *  
    clk  
    @  
    *  
    clk  6  
# Generated clocks: 0  
# "dont_use" cells from .libs: 0  
# "dont_touch" cells from .libs: 0  
# Cells in .lib with max_tran: 
    ------------------------------
    Cell List with max_tran
    ------------------------------
               Cell Name  Max Transition (ps)  
    A2O1A1Ixp33_ASAP7_75t_R  320  
    A2O1A1O1Ixp25_ASAP7_75t_R  320  
      AND2x2_ASAP7_75t_R  320  
      AND2x4_ASAP7_75t_R  320  
      AND2x6_ASAP7_75t_R  320  
      AND3x1_ASAP7_75t_R  320  
      AND3x2_ASAP7_75t_R  320  
      AND3x4_ASAP7_75t_R  320  
      AND4x1_ASAP7_75t_R  320  
      AND4x2_ASAP7_75t_R  320  
      AND5x1_ASAP7_75t_R  320  
      AND5x2_ASAP7_75t_R  320  
     AO211x2_ASAP7_75t_R  320  
      AO21x1_ASAP7_75t_R  320  
      AO21x2_ASAP7_75t_R  320  
     AO221x1_ASAP7_75t_R  320  
     AO221x2_ASAP7_75t_R  320  
     AO222x2_ASAP7_75t_R  320  
      AO22x1_ASAP7_75t_R  320  
      AO22x2_ASAP7_75t_R  320  
      AO31x2_ASAP7_75t_R  320  
     AO322x2_ASAP7_75t_R  320  
      AO32x1_ASAP7_75t_R  320  
      AO32x2_ASAP7_75t_R  320  
     AO331x1_ASAP7_75t_R  320  
     AO331x2_ASAP7_75t_R  320  
     AO332x1_ASAP7_75t_R  320  
     AO332x2_ASAP7_75t_R  320  
     AO333x1_ASAP7_75t_R  320  
     AO333x2_ASAP7_75t_R  320  
      AO33x2_ASAP7_75t_R  320  
    AOI211x1_ASAP7_75t_R  320  
    AOI211xp5_ASAP7_75t_R  320  
     AOI21x1_ASAP7_75t_R  320  
    AOI21xp33_ASAP7_75t_R  320  
    AOI21xp5_ASAP7_75t_R  320  
    AOI221x1_ASAP7_75t_R  320  
    AOI221xp5_ASAP7_75t_R  320  
    AOI222xp33_ASAP7_75t_R  320  
     AOI22x1_ASAP7_75t_R  320  
    AOI22xp33_ASAP7_75t_R  320  
    AOI22xp5_ASAP7_75t_R  320  
    AOI311xp33_ASAP7_75t_R  320  
    AOI31xp33_ASAP7_75t_R  320  
    AOI31xp67_ASAP7_75t_R  320  
    AOI321xp33_ASAP7_75t_R  320  
    AOI322xp5_ASAP7_75t_R  320  
    AOI32xp33_ASAP7_75t_R  320  
    AOI331xp33_ASAP7_75t_R  320  
    AOI332xp33_ASAP7_75t_R  320  
    AOI333xp33_ASAP7_75t_R  320  
    AOI33xp33_ASAP7_75t_R  320  
    ASYNC_DFFHx1_ASAP7_75t_R  320  
      BUFx10_ASAP7_75t_R  320  
      BUFx12_ASAP7_75t_R  320  
     BUFx12f_ASAP7_75t_R  320  
     BUFx16f_ASAP7_75t_R  320  
      BUFx24_ASAP7_75t_R  320  
       BUFx2_ASAP7_75t_R  320  
       BUFx3_ASAP7_75t_R  320  
       BUFx4_ASAP7_75t_R  320  
      BUFx4f_ASAP7_75t_R  320  
       BUFx5_ASAP7_75t_R  320  
      BUFx6f_ASAP7_75t_R  320  
       BUFx8_ASAP7_75t_R  320  
    DFFHQNx1_ASAP7_75t_R  320  
    DFFHQNx2_ASAP7_75t_R  320  
    DFFHQNx3_ASAP7_75t_R  320  
     DFFHQx4_ASAP7_75t_R  320  
    DFFLQNx1_ASAP7_75t_R  320  
    DFFLQNx2_ASAP7_75t_R  320  
    DFFLQNx3_ASAP7_75t_R  320  
     DFFLQx4_ASAP7_75t_R  320  
       DHLx1_ASAP7_75t_R  320  
       DHLx2_ASAP7_75t_R  320  
       DHLx3_ASAP7_75t_R  320  
       DLLx1_ASAP7_75t_R  320  
       DLLx2_ASAP7_75t_R  320  
       DLLx3_ASAP7_75t_R  320  
        FAx1_ASAP7_75t_R  320  
       HAxp5_ASAP7_75t_R  320  
     HB1xp67_ASAP7_75t_R  320  
     HB2xp67_ASAP7_75t_R  320  
     HB3xp67_ASAP7_75t_R  320  
     HB4xp67_ASAP7_75t_R  320  
       ICGx1_ASAP7_75t_R  320  
       ICGx2_ASAP7_75t_R  320  
       ICGx3_ASAP7_75t_R  320  
      INVx11_ASAP7_75t_R  320  
      INVx13_ASAP7_75t_R  320  
       INVx1_ASAP7_75t_R  320  
       INVx2_ASAP7_75t_R  320  
       INVx3_ASAP7_75t_R  320  
       INVx4_ASAP7_75t_R  320  
       INVx5_ASAP7_75t_R  320  
       INVx6_ASAP7_75t_R  320  
       INVx8_ASAP7_75t_R  320  
     INVxp33_ASAP7_75t_R  320  
     INVxp67_ASAP7_75t_R  320  
     MAJIxp5_ASAP7_75t_R  320  
       MAJx2_ASAP7_75t_R  320  
       MAJx3_ASAP7_75t_R  320  
     NAND2x1_ASAP7_75t_R  320  
    NAND2x1p5_ASAP7_75t_R  320  
     NAND2x2_ASAP7_75t_R  320  
    NAND2xp33_ASAP7_75t_R  320  
    NAND2xp5_ASAP7_75t_R  320  
    NAND2xp67_ASAP7_75t_R  320  
     NAND3x1_ASAP7_75t_R  320  
     NAND3x2_ASAP7_75t_R  320  
    NAND3xp33_ASAP7_75t_R  320  
    NAND4xp25_ASAP7_75t_R  320  
    NAND4xp75_ASAP7_75t_R  320  
    NAND5xp2_ASAP7_75t_R  320  
      NOR2x1_ASAP7_75t_R  320  
    NOR2x1p5_ASAP7_75t_R  320  
      NOR2x2_ASAP7_75t_R  320  
    NOR2xp33_ASAP7_75t_R  320  
    NOR2xp67_ASAP7_75t_R  320  
      NOR3x1_ASAP7_75t_R  320  
      NOR3x2_ASAP7_75t_R  320  
    NOR3xp33_ASAP7_75t_R  320  
    NOR4xp25_ASAP7_75t_R  320  
    NOR4xp75_ASAP7_75t_R  320  
     NOR5xp2_ASAP7_75t_R  320  
    O2A1O1Ixp33_ASAP7_75t_R  320  
    O2A1O1Ixp5_ASAP7_75t_R  320  
     OA211x2_ASAP7_75t_R  320  
      OA21x2_ASAP7_75t_R  320  
     OA221x2_ASAP7_75t_R  320  
     OA222x2_ASAP7_75t_R  320  
      OA22x2_ASAP7_75t_R  320  
      OA31x2_ASAP7_75t_R  320  
     OA331x1_ASAP7_75t_R  320  
     OA331x2_ASAP7_75t_R  320  
     OA332x1_ASAP7_75t_R  320  
     OA332x2_ASAP7_75t_R  320  
     OA333x1_ASAP7_75t_R  320  
     OA333x2_ASAP7_75t_R  320  
      OA33x2_ASAP7_75t_R  320  
    OAI211xp5_ASAP7_75t_R  320  
     OAI21x1_ASAP7_75t_R  320  
    OAI21xp33_ASAP7_75t_R  320  
    OAI21xp5_ASAP7_75t_R  320  
    OAI221xp5_ASAP7_75t_R  320  
    OAI222xp33_ASAP7_75t_R  320  
     OAI22x1_ASAP7_75t_R  320  
    OAI22xp33_ASAP7_75t_R  320  
    OAI22xp5_ASAP7_75t_R  320  
    OAI311xp33_ASAP7_75t_R  320  
    OAI31xp33_ASAP7_75t_R  320  
    OAI31xp67_ASAP7_75t_R  320  
    OAI321xp33_ASAP7_75t_R  320  
    OAI322xp33_ASAP7_75t_R  320  
    OAI32xp33_ASAP7_75t_R  320  
    OAI331xp33_ASAP7_75t_R  320  
    OAI332xp33_ASAP7_75t_R  320  
    OAI333xp33_ASAP7_75t_R  320  
    OAI33xp33_ASAP7_75t_R  320  
       OR2x2_ASAP7_75t_R  320  
       OR2x4_ASAP7_75t_R  320  
       OR2x6_ASAP7_75t_R  320  
       OR3x1_ASAP7_75t_R  320  
       OR3x2_ASAP7_75t_R  320  
       OR3x4_ASAP7_75t_R  320  
       OR4x1_ASAP7_75t_R  320  
       OR4x2_ASAP7_75t_R  320  
       OR5x1_ASAP7_75t_R  320  
       OR5x2_ASAP7_75t_R  320  
      SDFHx1_ASAP7_75t_R  320  
      SDFHx2_ASAP7_75t_R  320  
      SDFHx3_ASAP7_75t_R  320  
      SDFHx4_ASAP7_75t_R  320  
      SDFLx1_ASAP7_75t_R  320  
      SDFLx2_ASAP7_75t_R  320  
      SDFLx3_ASAP7_75t_R  320  
      SDFLx4_ASAP7_75t_R  320  
     TIEHIx1_ASAP7_75t_R  1000  
     TIELOx1_ASAP7_75t_R  1000  
     XNOR2x1_ASAP7_75t_R  320  
     XNOR2x2_ASAP7_75t_R  320  
    XNOR2xp5_ASAP7_75t_R  320  
      XOR2x1_ASAP7_75t_R  320  
      XOR2x2_ASAP7_75t_R  320  
     XOR2xp5_ASAP7_75t_R  320  185  
# Cells in .lib with max_cap: 
    ------------------------------
    Cell List with max_cap
    ------------------------------
               Cell Name  Max Capacitance (pf)  
    A2O1A1Ixp33_ASAP7_75t_R  0.011520  
    A2O1A1O1Ixp25_ASAP7_75t_R  0.011520  
      AND2x2_ASAP7_75t_R  0.092160  
      AND2x4_ASAP7_75t_R  0.184320  
      AND2x6_ASAP7_75t_R  0.368640  
      AND3x1_ASAP7_75t_R  0.046080  
      AND3x2_ASAP7_75t_R  0.092160  
      AND3x4_ASAP7_75t_R  0.184320  
      AND4x1_ASAP7_75t_R  0.046080  
      AND4x2_ASAP7_75t_R  0.092160  
      AND5x1_ASAP7_75t_R  0.046080  
      AND5x2_ASAP7_75t_R  0.092160  
     AO211x2_ASAP7_75t_R  0.092160  
      AO21x1_ASAP7_75t_R  0.046080  
      AO21x2_ASAP7_75t_R  0.092160  
     AO221x1_ASAP7_75t_R  0.046080  
     AO221x2_ASAP7_75t_R  0.092160  
     AO222x2_ASAP7_75t_R  0.092160  
      AO22x1_ASAP7_75t_R  0.046080  
      AO22x2_ASAP7_75t_R  0.092160  
      AO31x2_ASAP7_75t_R  0.092160  
     AO322x2_ASAP7_75t_R  0.092160  
      AO32x1_ASAP7_75t_R  0.046080  
      AO32x2_ASAP7_75t_R  0.092160  
     AO331x1_ASAP7_75t_R  0.046080  
     AO331x2_ASAP7_75t_R  0.092160  
     AO332x1_ASAP7_75t_R  0.046080  
     AO332x2_ASAP7_75t_R  0.092160  
     AO333x1_ASAP7_75t_R  0.046080  
     AO333x2_ASAP7_75t_R  0.092160  
      AO33x2_ASAP7_75t_R  0.092160  
    AOI211x1_ASAP7_75t_R  0.046080  
    AOI211xp5_ASAP7_75t_R  0.023040  
     AOI21x1_ASAP7_75t_R  0.046080  
    AOI21xp33_ASAP7_75t_R  0.011520  
    AOI21xp5_ASAP7_75t_R  0.023040  
    AOI221x1_ASAP7_75t_R  0.046080  
    AOI221xp5_ASAP7_75t_R  0.023040  
    AOI222xp33_ASAP7_75t_R  0.011520  
     AOI22x1_ASAP7_75t_R  0.046080  
    AOI22xp33_ASAP7_75t_R  0.011520  
    AOI22xp5_ASAP7_75t_R  0.023040  
    AOI311xp33_ASAP7_75t_R  0.011520  
    AOI31xp33_ASAP7_75t_R  0.011520  
    AOI31xp67_ASAP7_75t_R  0.023040  
    AOI321xp33_ASAP7_75t_R  0.011520  
    AOI322xp5_ASAP7_75t_R  0.023040  
    AOI32xp33_ASAP7_75t_R  0.011520  
    AOI331xp33_ASAP7_75t_R  0.011520  
    AOI332xp33_ASAP7_75t_R  0.011520  
    AOI333xp33_ASAP7_75t_R  0.011520  
    AOI33xp33_ASAP7_75t_R  0.011520  
    ASYNC_DFFHx1_ASAP7_75t_R  0.046080  
      BUFx10_ASAP7_75t_R  0.368640  
      BUFx12_ASAP7_75t_R  0.737280  
     BUFx12f_ASAP7_75t_R  0.737280  
     BUFx16f_ASAP7_75t_R  0.737280  
      BUFx24_ASAP7_75t_R  1.474560  
       BUFx2_ASAP7_75t_R  0.092160  
       BUFx3_ASAP7_75t_R  0.184320  
       BUFx4_ASAP7_75t_R  0.184320  
      BUFx4f_ASAP7_75t_R  0.184320  
       BUFx5_ASAP7_75t_R  0.184320  
      BUFx6f_ASAP7_75t_R  0.368640  
       BUFx8_ASAP7_75t_R  0.368640  
    DFFHQNx1_ASAP7_75t_R  0.046080  
    DFFHQNx2_ASAP7_75t_R  0.092160  
    DFFHQNx3_ASAP7_75t_R  0.184320  
     DFFHQx4_ASAP7_75t_R  0.184320  
    DFFLQNx1_ASAP7_75t_R  0.046080  
    DFFLQNx2_ASAP7_75t_R  0.092160  
    DFFLQNx3_ASAP7_75t_R  0.184320  
     DFFLQx4_ASAP7_75t_R  0.184320  
       DHLx1_ASAP7_75t_R  0.046080  
       DHLx2_ASAP7_75t_R  0.092160  
       DHLx3_ASAP7_75t_R  0.184320  
       DLLx1_ASAP7_75t_R  0.046080  
       DLLx2_ASAP7_75t_R  0.092160  
       DLLx3_ASAP7_75t_R  0.184320  
        FAx1_ASAP7_75t_R  0.046080  
       HAxp5_ASAP7_75t_R  0.023040  
     HB1xp67_ASAP7_75t_R  0.023040  
     HB2xp67_ASAP7_75t_R  0.023040  
     HB3xp67_ASAP7_75t_R  0.023040  
     HB4xp67_ASAP7_75t_R  0.023040  
       ICGx1_ASAP7_75t_R  0.046080  
       ICGx2_ASAP7_75t_R  0.092160  
       ICGx3_ASAP7_75t_R  0.184320  
      INVx11_ASAP7_75t_R  0.368640  
      INVx13_ASAP7_75t_R  0.737280  
       INVx1_ASAP7_75t_R  0.046080  
       INVx2_ASAP7_75t_R  0.092160  
       INVx3_ASAP7_75t_R  0.184320  
       INVx4_ASAP7_75t_R  0.184320  
       INVx5_ASAP7_75t_R  0.184320  
       INVx6_ASAP7_75t_R  0.368640  
       INVx8_ASAP7_75t_R  0.368640  
     INVxp33_ASAP7_75t_R  0.011520  
     INVxp67_ASAP7_75t_R  0.023040  
     MAJIxp5_ASAP7_75t_R  0.023040  
       MAJx2_ASAP7_75t_R  0.092160  
       MAJx3_ASAP7_75t_R  0.184320  
     NAND2x1_ASAP7_75t_R  0.046080  
    NAND2x1p5_ASAP7_75t_R  0.092160  
     NAND2x2_ASAP7_75t_R  0.092160  
    NAND2xp33_ASAP7_75t_R  0.011520  
    NAND2xp5_ASAP7_75t_R  0.023040  
    NAND2xp67_ASAP7_75t_R  0.023040  
     NAND3x1_ASAP7_75t_R  0.046080  
     NAND3x2_ASAP7_75t_R  0.092160  
    NAND3xp33_ASAP7_75t_R  0.011520  
    NAND4xp25_ASAP7_75t_R  0.011520  
    NAND4xp75_ASAP7_75t_R  0.046080  
    NAND5xp2_ASAP7_75t_R  0.011520  
      NOR2x1_ASAP7_75t_R  0.046080  
    NOR2x1p5_ASAP7_75t_R  0.092160  
      NOR2x2_ASAP7_75t_R  0.092160  
    NOR2xp33_ASAP7_75t_R  0.011520  
    NOR2xp67_ASAP7_75t_R  0.023040  
      NOR3x1_ASAP7_75t_R  0.046080  
      NOR3x2_ASAP7_75t_R  0.092160  
    NOR3xp33_ASAP7_75t_R  0.011520  
    NOR4xp25_ASAP7_75t_R  0.011520  
    NOR4xp75_ASAP7_75t_R  0.046080  
     NOR5xp2_ASAP7_75t_R  0.011520  
    O2A1O1Ixp33_ASAP7_75t_R  0.011520  
    O2A1O1Ixp5_ASAP7_75t_R  0.023040  
     OA211x2_ASAP7_75t_R  0.092160  
      OA21x2_ASAP7_75t_R  0.092160  
     OA221x2_ASAP7_75t_R  0.092160  
     OA222x2_ASAP7_75t_R  0.092160  
      OA22x2_ASAP7_75t_R  0.092160  
      OA31x2_ASAP7_75t_R  0.092160  
     OA331x1_ASAP7_75t_R  0.046080  
     OA331x2_ASAP7_75t_R  0.092160  
     OA332x1_ASAP7_75t_R  0.046080  
     OA332x2_ASAP7_75t_R  0.092160  
     OA333x1_ASAP7_75t_R  0.046080  
     OA333x2_ASAP7_75t_R  0.092160  
      OA33x2_ASAP7_75t_R  0.092160  
    OAI211xp5_ASAP7_75t_R  0.023040  
     OAI21x1_ASAP7_75t_R  0.046080  
    OAI21xp33_ASAP7_75t_R  0.011520  
    OAI21xp5_ASAP7_75t_R  0.023040  
    OAI221xp5_ASAP7_75t_R  0.023040  
    OAI222xp33_ASAP7_75t_R  0.011520  
     OAI22x1_ASAP7_75t_R  0.046080  
    OAI22xp33_ASAP7_75t_R  0.011520  
    OAI22xp5_ASAP7_75t_R  0.023040  
    OAI311xp33_ASAP7_75t_R  0.011520  
    OAI31xp33_ASAP7_75t_R  0.011520  
    OAI31xp67_ASAP7_75t_R  0.023040  
    OAI321xp33_ASAP7_75t_R  0.011520  
    OAI322xp33_ASAP7_75t_R  0.011520  
    OAI32xp33_ASAP7_75t_R  0.011520  
    OAI331xp33_ASAP7_75t_R  0.011520  
    OAI332xp33_ASAP7_75t_R  0.011520  
    OAI333xp33_ASAP7_75t_R  0.011520  
    OAI33xp33_ASAP7_75t_R  0.011520  
       OR2x2_ASAP7_75t_R  0.092160  
       OR2x4_ASAP7_75t_R  0.184320  
       OR2x6_ASAP7_75t_R  0.368640  
       OR3x1_ASAP7_75t_R  0.046080  
       OR3x2_ASAP7_75t_R  0.092160  
       OR3x4_ASAP7_75t_R  0.184320  
       OR4x1_ASAP7_75t_R  0.046080  
       OR4x2_ASAP7_75t_R  0.092160  
       OR5x1_ASAP7_75t_R  0.046080  
       OR5x2_ASAP7_75t_R  0.092160  
      SDFHx1_ASAP7_75t_R  0.046080  
      SDFHx2_ASAP7_75t_R  0.092160  
      SDFHx3_ASAP7_75t_R  0.184320  
      SDFHx4_ASAP7_75t_R  0.184320  
      SDFLx1_ASAP7_75t_R  0.046080  
      SDFLx2_ASAP7_75t_R  0.092160  
      SDFLx3_ASAP7_75t_R  0.184320  
      SDFLx4_ASAP7_75t_R  0.184320  
     XNOR2x1_ASAP7_75t_R  0.046080  
     XNOR2x2_ASAP7_75t_R  0.092160  
    XNOR2xp5_ASAP7_75t_R  0.023040  
      XOR2x1_ASAP7_75t_R  0.046080  
      XOR2x2_ASAP7_75t_R  0.092160  
     XOR2xp5_ASAP7_75t_R  0.023040  183  
# Cells in .lib with max_fanout: 0  
SDC max_cap: N/A  
SDC max_tran: N/A  
SDC max_fanout: 16  
Default Ext. Scale Factor: 1.000  
Detail Ext. Scale Factor: 1.000  

==============================
Floorplan/Placement Information
==============================
Total area of Standard cells: 23518.123 um^2  
Total area of Standard cells(Subtracting Physical Cells): 16421.746 um^2  
Total area of Macros: 0.000 um^2  
Total area of Blockages: 0.000 um^2  
Total area of Pad cells: 0.000 um^2  
Total area of Core: 23529.087 um^2  
Total area of Chip: 26735.008 um^2  
Effective Utilization: 1.0000e+00  
Number of Cell Rows: 141  
% Pure Gate Density #1 (Subtracting BLOCKAGES): 99.953%  
% Pure Gate Density #2 (Subtracting BLOCKAGES and Physical Cells): 69.793%  
% Pure Gate Density #3 (Subtracting MACROS): 99.953%  
% Pure Gate Density #4 (Subtracting MACROS and Physical Cells): 69.793%  
% Pure Gate Density #5 (Subtracting MACROS and BLOCKAGES): 99.953%  
% Pure Gate Density #6 (Subtracting MACROS and BLOCKAGES for insts are not placed): 69.793%  
% Core Density (Counting Std Cells and MACROs): 99.953%  
% Core Density #2(Subtracting Physical Cells): 69.793%  
% Chip Density (Counting Std Cells and MACROs and IOs): 87.968%  
% Chip Density #2(Subtracting Physical Cells): 61.424%  
# Macros within 5 sites of IO pad: No  
Macro halo defined?: No  

==============================
Wire Length Distribution
==============================
Total M1 wire length: 59.0760 um  
Total M2 wire length: 33140.0720 um  
Total M3 wire length: 58612.8240 um  
Total M4 wire length: 38014.5600 um  
Total M5 wire length: 29570.6640 um  
Total M6 wire length: 8138.6240 um  
Total M7 wire length: 2253.3120 um  
Total M8 wire length: 0.0000 um  
Total M9 wire length: 0.0000 um  
Total Pad wire length: 0.0000 um  
Total wire length: 169789.1320 um  
Average wire length/net: 15.7475 um  
Area of Power Net Distribution: 
    ------------------------------
    Area of Power Net Distribution
    ------------------------------
    Layer Name  Area of Power Net  Routable Area  Percentage  
    M1  813.2783  23529.0874  3.4565%  
    M2  389.2810  23529.0874  1.6545%  
    M3  383.9933  23529.0874  1.6320%  
    M4  0.0000  23529.0874  0.0000%  
    M5  0.0000  23529.0874  0.0000%  
    M6  0.0000  23529.0874  0.0000%  
    M7  0.0000  23529.0874  0.0000%  
    M8  0.0000  23529.0874  0.0000%  
    M9  0.0000  23529.0874  0.0000%  
    Pad  0.0000  23529.0874  0.0000%  For more information click here  